<?xml version="1.0" encoding="UTF-8" ?>
<testsuite tests="9" failures="0" name="com.simplilearn.student.TestStudentMark" time="0.031" errors="0" skipped="0">
  <properties>
    <property name="jansi.mode" value="force"/>
    <property name="java.runtime.name" value="OpenJDK Runtime Environment"/>
    <property name="java.vm.version" value="19.0.1+10"/>
    <property name="sun.boot.library.path" value="D:\Software\sts-4.16.0.RELEASE\plugins\org.eclipse.justj.openjdk.hotspot.jre.full.win32.x86_64_19.0.1.v20221102-1007\jre\bin"/>
    <property name="maven.multiModuleProjectDirectory" value="D:\Practice\JUnit\Student_Mark"/>
    <property name="java.vm.vendor" value="Eclipse Adoptium"/>
    <property name="java.vendor.url" value="https://adoptium.net/"/>
    <property name="guice.disable.misplaced.annotation.check" value="true"/>
    <property name="path.separator" value=";"/>
    <property name="java.vm.name" value="OpenJDK 64-Bit Server VM"/>
    <property name="sun.os.patch.level" value=""/>
    <property name="user.script" value=""/>
    <property name="user.country" value="US"/>
    <property name="sun.java.launcher" value="SUN_STANDARD"/>
    <property name="java.vm.specification.name" value="Java Virtual Machine Specification"/>
    <property name="user.dir" value="D:\Practice\JUnit\Student_Mark"/>
    <property name="java.vm.compressedOopsMode" value="32-bit"/>
    <property name="java.runtime.version" value="19.0.1+10"/>
    <property name="os.arch" value="amd64"/>
    <property name="java.io.tmpdir" value="C:\Users\HACKER~1\AppData\Local\Temp\"/>
    <property name="line.separator" value="
"/>
    <property name="java.vm.specification.vendor" value="Oracle Corporation"/>
    <property name="user.variant" value=""/>
    <property name="stderr.encoding" value="Cp1252"/>
    <property name="os.name" value="Windows 11"/>
    <property name="classworlds.conf" value="D:\Practice\JUnit\.metadata\.plugins\org.eclipse.m2e.launching\launches\m2conf2357183540499547672.tmp"/>
    <property name="sun.jnu.encoding" value="Cp1252"/>
    <property name="stdout.encoding" value="Cp1252"/>
    <property name="java.library.path" value="D:\Software\sts-4.16.0.RELEASE\plugins\org.eclipse.justj.openjdk.hotspot.jre.full.win32.x86_64_19.0.1.v20221102-1007\jre\bin;C:\WINDOWS\Sun\Java\bin;C:\WINDOWS\system32;C:\WINDOWS;D:/Software/sts-4.16.0.RELEASE//plugins/org.eclipse.justj.openjdk.hotspot.jre.full.win32.x86_64_19.0.1.v20221102-1007/jre/bin/server;D:/Software/sts-4.16.0.RELEASE//plugins/org.eclipse.justj.openjdk.hotspot.jre.full.win32.x86_64_19.0.1.v20221102-1007/jre/bin;C:\Python311\Scripts\;C:\Python311\;C:\ProgramData\Boxstarter;C:\Program Files\Eclipse Adoptium\jdk-17.0.5.8-hotspot\bin;C:\Program Files (x86)\Common Files\Oracle\Java\javapath;C:\WINDOWS\system32;C:\WINDOWS;C:\WINDOWS\System32\Wbem;C:\WINDOWS\System32\WindowsPowerShell\v1.0\;C:\WINDOWS\System32\OpenSSH\;D:\Software\apache-maven-3.8.4-bin\apache-maven-3.8.4\bin;C:\ProgramData\chocolatey\bin;C:\Users\Hackers World\AppData\Roaming\npm;C:\Program Files\Java\jdk1.8.0_202\bin;C:\Program Files\Java\jre1.8.0_341\bin;C:\Program Files\Java\jdk1.8.0_202\jre\bin;C:\Program Files\nodejs\;C:\Program Files\Git\cmd;C:\Users\Hackers World\AppData\Local\Microsoft\WindowsApps;C:\Users\Hackers World\AppData\Local\GitHubDesktop\bin;C:\Users\Hackers World\AppData\Local\Programs\Microsoft VS Code\bin;C:\Users\Hackers World\AppData\Local\atom\bin;C:\Program Files (x86)\Brackets\;C:\Program Files\JetBrains\IntelliJ IDEA 2022.1\bin;;C:\Users\Hackers World\AppData\Roaming\npm;D:\Software\sts-4.16.0.RELEASE;;."/>
    <property name="jdk.debug" value="release"/>
    <property name="java.class.version" value="63.0"/>
    <property name="java.specification.name" value="Java Platform API Specification"/>
    <property name="sun.management.compiler" value="HotSpot 64-Bit Tiered Compilers"/>
    <property name="os.version" value="10.0"/>
    <property name="user.home" value="C:\Users\Hackers World"/>
    <property name="user.timezone" value="Asia/Calcutta"/>
    <property name="file.encoding" value="UTF-8"/>
    <property name="java.specification.version" value="19"/>
    <property name="user.name" value="Chandan"/>
    <property name="java.class.path" value="D:\Software\sts-4.16.0.RELEASE\plugins\org.eclipse.m2e.maven.runtime_3.8.701.20230209-1606\jars\plexus-classworlds-2.6.0.jar"/>
    <property name="java.vm.specification.version" value="19"/>
    <property name="sun.arch.data.model" value="64"/>
    <property name="sun.java.command" value="org.codehaus.plexus.classworlds.launcher.Launcher -B -Dstyle.color=always clean install test surefire-report:report"/>
    <property name="java.home" value="D:\Software\sts-4.16.0.RELEASE\plugins\org.eclipse.justj.openjdk.hotspot.jre.full.win32.x86_64_19.0.1.v20221102-1007\jre"/>
    <property name="user.language" value="en"/>
    <property name="java.specification.vendor" value="Oracle Corporation"/>
    <property name="java.vm.info" value="mixed mode"/>
    <property name="java.version" value="19.0.1"/>
    <property name="native.encoding" value="Cp1252"/>
    <property name="java.vendor" value="Eclipse Adoptium"/>
    <property name="maven.home" value="D:\Practice\JUnit\Student_Mark\EMBEDDED"/>
    <property name="style.color" value="always"/>
    <property name="file.separator" value="\"/>
    <property name="java.version.date" value="2022-10-18"/>
    <property name="java.vendor.url.bug" value="https://github.com/adoptium/adoptium-support/issues"/>
    <property name="sun.io.unicode.encoding" value="UnicodeLittle"/>
    <property name="sun.cpu.endian" value="little"/>
    <property name="java.vendor.version" value="Temurin-19.0.1+10"/>
    <property name="m2e.build.project.data.socket.port" value="50264"/>
    <property name="sun.cpu.isalist" value="amd64"/>
  </properties>
  <testcase classname="com.simplilearn.student.TestStudentMark" name="test_getTotalMark" time="0.024"/>
  <testcase classname="com.simplilearn.student.TestStudentMark" name="test_getInvalidPercentageAbove" time="0"/>
  <testcase classname="com.simplilearn.student.TestStudentMark" name="test_getInvalidPercentageBellow" time="0"/>
  <testcase classname="com.simplilearn.student.TestStudentMark" name="test_getTotalMarksArithmeticCheck" time="0.001"/>
  <testcase classname="com.simplilearn.student.TestStudentMark" name="test_getTotalMarkAbove" time="0.002"/>
  <testcase classname="com.simplilearn.student.TestStudentMark" name="test_getGradeInvalidMarks" time="0.001"/>
  <testcase classname="com.simplilearn.student.TestStudentMark" name="test_getGreade" time="0.001"/>
  <testcase classname="com.simplilearn.student.TestStudentMark" name="test_getTotalMarkBellow" time="0.001"/>
  <testcase classname="com.simplilearn.student.TestStudentMark" name="test_getPercentage" time="0.001"/>
</testsuite>